[debug] [2019-09-07T21:07:50.323Z] ----------------------------------------------------------------------
[debug] [2019-09-07T21:07:50.325Z] Command:       C:\Program Files\nodejs\node.exe C:\Users\tiked\AppData\Roaming\npm\node_modules\firebase-tools\lib\bin\firebase.js deploy
[debug] [2019-09-07T21:07:50.325Z] CLI Version:   7.3.1
[debug] [2019-09-07T21:07:50.325Z] Platform:      win32
[debug] [2019-09-07T21:07:50.325Z] Node Version:  v10.15.3
[debug] [2019-09-07T21:07:50.326Z] Time:          Sun Sep 08 2019 06:07:50 GMT+0900 (GMT+09:00)
[debug] [2019-09-07T21:07:50.326Z] ----------------------------------------------------------------------
[debug] 
[debug] [2019-09-07T21:07:50.333Z] > command requires scopes: ["email","openid","https://www.googleapis.com/auth/cloudplatformprojects.readonly","https://www.googleapis.com/auth/firebase","https://www.googleapis.com/auth/cloud-platform"]
[debug] [2019-09-07T21:07:50.334Z] > authorizing via signed-in user
[debug] [2019-09-07T21:07:50.334Z] [iam] checking project sample-73626 for permissions ["firebase.projects.get","firebasehosting.sites.update"]
[debug] [2019-09-07T21:07:50.336Z] >>> HTTP REQUEST POST https://cloudresourcemanager.googleapis.com/v1/projects/sample-73626:testIamPermissions  

[debug] [2019-09-07T21:07:51.174Z] <<< HTTP RESPONSE 200
[debug] [2019-09-07T21:07:51.176Z] >>> HTTP REQUEST GET https://firebase.googleapis.com/v1beta1/projects/sample-73626  
 
[debug] [2019-09-07T21:07:51.922Z] <<< HTTP RESPONSE 200
[info] 
[info] === Deploying to 'sample-73626'...
[info] 
[info] i  deploying hosting
[debug] [2019-09-07T21:07:51.926Z] >>> HTTP REQUEST POST https://firebasehosting.googleapis.com/v1beta1/sites/sample-73626/versions  

[debug] [2019-09-07T21:07:53.515Z] <<< HTTP RESPONSE 200
[info] i  hosting[sample-73626]: beginning deploy...
[info] i  hosting[sample-73626]: found 14 files in dist
[debug] [2019-09-07T21:07:53.538Z] [hosting] hash cache [ZGlzdA] load error: lines is not defined
[debug] [2019-09-07T21:07:53.931Z] [hosting] hash cache [ZGlzdA] stored for 14 files
[debug] [2019-09-07T21:07:53.932Z] [hosting][hash queue][FINAL]
[debug] [2019-09-07T21:07:53.932Z] >>> HTTP REQUEST POST https://firebasehosting.googleapis.com/v1beta1/sites/sample-73626/versions/61c6717008cf6778:populateFiles  
 <request body omitted>
